[2026-02-10 08:12:14] \033[0;34mℹ =========================================\033[0m
[2026-02-10 08:12:14] \033[0;34mℹ OpenClaw 零宕机升级\033[0m
[2026-02-10 08:12:14] \033[0;34mℹ =========================================\033[0m
[2026-02-10 08:12:14] \033[0;34mℹ 日志: /home/neardws/clawd/scripts/openclaw-updater/upgrade-20260210-081214.log\033[0m
[2026-02-10 08:12:14] \033[0;34mℹ 开始前置检查...\033[0m
[2026-02-10 08:12:14] \033[0;32m✓ Gateway 健康检查通过\033[0m
[2026-02-10 08:12:14] \033[0;32m✓ 磁盘空间充足 (1044GB)\033[0m
[2026-02-10 08:12:14] \033[1;33m⚠ 检测到本地未提交修改，将自动提交\033[0m
[2026-02-10 08:12:14] \033[0;34mℹ 创建完整备份...\033[0m
[2026-02-10 08:12:16] \033[0;32m✓ 备份完成: /home/neardws/clawd/backup/openclaw-20260210-081214\033[0m
[2026-02-10 08:12:16] \033[0;32m✓ 前置检查通过\033[0m
[2026-02-10 08:12:16] \033[0;34mℹ 执行热重载升级...\033[0m
[2026-02-10 08:12:16] \033[0;34mℹ 当前 Gateway PID: 2813914\033[0m
[2026-02-10 08:12:16] \033[0;34mℹ 获取远程更新...\033[0m
[2026-02-10 08:12:17] \033[0;34mℹ 升级: f53a810c → a97db0c3\033[0m
[2026-02-10 08:12:17] \033[0;34mℹ 检测到核心依赖变更，需要重启升级...\033[0m
[2026-02-10 08:12:17] \033[1;33m⚠ 热重载失败，切换到滚动重启...\033[0m
[2026-02-10 08:12:17] \033[0;34mℹ 执行滚动重启升级...\033[0m
[2026-02-10 08:12:17] \033[0;34mℹ 合并远程更新...\033[0m
[2026-02-10 08:12:17] \033[0;34mℹ 检测到依赖变更，安装依赖...\033[0m
[2026-02-10 08:12:18] \033[0;34mℹ 验证新代码可启动...\033[0m
[2026-02-10 08:12:18] \033[0;34mℹ 尝试优雅重启 Gateway...\033[0m
